<?xml version="1.0" encoding="UTF-8"?>
<!-- Generated by org.testng.reporters.JUnitXMLReporter -->
<testsuite hostname="DJ-PC" name="Test" tests="24" failures="0" timestamp="2 Feb 2016 12:28:44 GMT" time="456.8" errors="0">
  <testcase name="Invalid_curr_test_blnk" time="24.096" classname="Scenario_currency.Scenario_curr"/>
  <testcase name="test_Invalid_editcurr_blnk" time="19.449" classname="Scenario_currency.Scenario_edit_curr"/>
  <testcase name="test_Invalideditcurr" time="20.611" classname="Scenario_currency.Scenario_edit_curr"/>
  <testcase name="test_Validedit_curr" time="17.726" classname="Scenario_currency.Scenario_edit_curr"/>
  <testcase name="test_Invalid_editcurr_blnk" time="16.568" classname="Scenario_currency.Scenario_del"/>
  <testcase name="test_valid_frstcurr_del" time="16.302" classname="Scenario_currency.Scenario_del"/>
  <testcase name="test_valid_mul_del" time="16.92" classname="Scenario_currency.Scenario_del"/>
  <testcase name="test_Invalidcriti_blnk" time="55.69" classname="Scenario_criticality.Scenario_create"/>
  <testcase name="test_Invalidcurr" time="54.362" classname="Scenario_criticality.Scenario_create"/>
  <testcase name="test_Validcriti" time="19.718" classname="Scenario_criticality.Scenario_create"/>
  <testcase name="test_Invalidcriti" time="14.626" classname="Scenario_criticality.Scenario_edit"/>
  <testcase name="test_Invalidcriti_blnk" time="13.218" classname="Scenario_criticality.Scenario_edit"/>
  <testcase name="test_Validcriti" time="16.316" classname="Scenario_criticality.Scenario_edit"/>
  <testcase name="test_Invalid_editcurr_blnk" time="14.485" classname="Scenario_criticality.Scenario_del"/>
  <testcase name="test_valid_mul_del" time="16.574" classname="Scenario_criticality.Scenario_del"/>
  <testcase name="Invalid_invoice_test" time="17.49" classname="Scenario_invoice.Scenario_create"/>
  <testcase name="Invalid_invoice_test_blnk" time="14.747" classname="Scenario_invoice.Scenario_create"/>
  <testcase name="Valid_invoice_test" time="18.763" classname="Scenario_invoice.Scenario_create"/>
  <testcase name="Invalid_edit" time="15.228" classname="Scenario_invoice.Scenario_edit"/>
  <testcase name="Invalid_edit_blnk" time="15.3" classname="Scenario_invoice.Scenario_edit"/>
  <testcase name="Valid_edit" time="31.777" classname="Scenario_invoice.Scenario_edit"/>
  <testcase name="Invalid_delete_blnk" time="0.15" classname="Scenario_invoice.Scenario_del">
    <skipped/>
  </testcase> <!-- Invalid_delete_blnk -->
  <testcase name="Valid_firstinvoice_delete" time="0.604" classname="Scenario_invoice.Scenario_del">
    <skipped/>
  </testcase> <!-- Valid_firstinvoice_delete -->
  <testcase name="Valid_mul_invoice_del" time="0.14" classname="Scenario_invoice.Scenario_del">
    <skipped/>
  </testcase> <!-- Valid_mul_invoice_del -->
</testsuite> <!-- Test -->
