<?xml version="1.0" encoding="UTF-8"?>
<!-- Generated by org.testng.reporters.JUnitXMLReporter -->
<testsuite hostname="DJ-PC" name="Test" tests="3" failures="0" timestamp="28 Jan 2016 07:55:18 GMT" time="53.708" errors="0">
  <testcase name="test_Invalid_editcurr_blnk" time="20.584" classname="Scenario_currency.Scenario_del"/>
  <testcase name="test_valid_frstcurr_del" time="14.674" classname="Scenario_currency.Scenario_del"/>
  <testcase name="test_valid_mul_del" time="16.374" classname="Scenario_currency.Scenario_del"/>
</testsuite> <!-- Test -->
