<?xml version="1.0" encoding="UTF-8"?>
<testsuite name="Test"
           tests="3"
           failures="0"
           errors="0"
           skipped="0"
           time="49.607">
  <properties />
  
  
            <testcase name="test_valid_mul_del" time="19.819" classname="Scenario_shift.Scenario_del" />
                <testcase name="test_valid_frstcountry_del" time="15.480" classname="Scenario_shift.Scenario_del" />
                <testcase name="test_Invalid_delcountry_blnk" time="14.308" classname="Scenario_shift.Scenario_del" />
      
</testsuite>
