<?xml version="1.0" encoding="UTF-8"?>
<testsuite name="Test"
           tests="3"
           failures="0"
           errors="0"
           skipped="0"
           time="50.003">
  <properties />
  
  
            <testcase name="test_Invalidcriti_blnk" time="16.199" classname="Scenario_country.Scenario_create" />
                <testcase name="test_Invalidinvoice" time="15.030" classname="Scenario_country.Scenario_create" />
                <testcase name="test_Validcriti" time="18.774" classname="Scenario_country.Scenario_create" />
      
</testsuite>
