<?xml version="1.0" encoding="UTF-8"?>
<testsuite name="Test"
           tests="3"
           failures="0"
           errors="0"
           skipped="0"
           time="53.677">
  <properties />
  
  
            <testcase name="test_Invalidcriti_blnk" time="15.569" classname="Scenario_zone.Scenario_edit" />
                <testcase name="test_Invalidcriti" time="17.334" classname="Scenario_zone.Scenario_edit" />
                <testcase name="test_Validcriti" time="20.774" classname="Scenario_zone.Scenario_edit" />
      
</testsuite>
