<?xml version="1.0" encoding="UTF-8"?>
<testsuite name="Test"
           tests="3"
           failures="0"
           errors="0"
           skipped="0"
           time="50.302">
  <properties />
  
  
            <testcase name="test_Invalidcriti_blnk" time="15.231" classname="Scenario_country.Scenario_edit" />
                <testcase name="test_Validcriti" time="18.858" classname="Scenario_country.Scenario_edit" />
                <testcase name="test_Invalidcriti" time="16.213" classname="Scenario_country.Scenario_edit" />
      
</testsuite>
