<?xml version="1.0" encoding="UTF-8"?>
<testsuite name="Test"
           tests="3"
           failures="0"
           errors="0"
           skipped="0"
           time="58.470">
  <properties />
  
  
            <testcase name="test_Validdepart" time="16.925" classname="Scenario_Employ_depart.Scenario_create" />
                <testcase name="Valid_depart_test" time="24.411" classname="Scenario_Employ_depart.Scenario_create" />
                <testcase name="Invalid_departname_test" time="17.134" classname="Scenario_Employ_depart.Scenario_create" />
      
</testsuite>
