<?xml version="1.0" encoding="UTF-8"?>
<testsuite name="Test"
           tests="3"
           failures="0"
           errors="0"
           skipped="0"
           time="54.325">
  <properties />
  
  
            <testcase name="test_Invalidqual_blnk" time="16.854" classname="Scenario_Employ_qual.Scenario_edit" />
                <testcase name="test_Invalidqual" time="17.123" classname="Scenario_Employ_qual.Scenario_edit" />
                <testcase name="test_Validqual" time="20.348" classname="Scenario_Employ_qual.Scenario_edit" />
      
</testsuite>
