<?xml version="1.0" encoding="UTF-8"?>
<testsuite name="Test"
           tests="3"
           failures="0"
           errors="0"
           skipped="0"
           time="53.337">
  <properties />
  
  
            <testcase name="test_Validcriti" time="20.445" classname="Scenario_flag.Scenario_create" />
                <testcase name="test_Invalidinvoice" time="16.264" classname="Scenario_flag.Scenario_create" />
                <testcase name="test_Invalidcriti_blnk" time="16.628" classname="Scenario_flag.Scenario_create" />
      
</testsuite>
