<?xml version="1.0" encoding="UTF-8"?>
<testsuite name="Test"
           tests="3"
           failures="0"
           errors="0"
           skipped="0"
           time="49.087">
  <properties />
  
  
            <testcase name="test_Invalid_delemploy_desig_blnk" time="14.650" classname="Scenario_Employ_desig.Scenario_del" />
                <testcase name="test_valid_frstemploy_desig_del" time="15.597" classname="Scenario_Employ_desig.Scenario_del" />
                <testcase name="test_valid_mul_del" time="18.840" classname="Scenario_Employ_desig.Scenario_del" />
      
</testsuite>
