<?xml version="1.0" encoding="UTF-8"?>
<testsuite name="Test"
           tests="3"
           failures="0"
           errors="0"
           skipped="0"
           time="51.325">
  <properties />
  
  
            <testcase name="test_Invalid_delemploy_desig_blnk" time="16.254" classname="Scenario_Employ_certi.Scenario_del" />
                <testcase name="test_valid_frstemploy_desig_del" time="17.297" classname="Scenario_Employ_certi.Scenario_del" />
                <testcase name="test_valid_mul_del" time="17.774" classname="Scenario_Employ_certi.Scenario_del" />
      
</testsuite>
