<?xml version="1.0" encoding="UTF-8"?>
<testsuite name="Test"
           tests="3"
           failures="0"
           errors="0"
           skipped="0"
           time="51.662">
  <properties />
  
  
            <testcase name="test_Validcriti" time="19.803" classname="Scenario_state.Scenario_edit" />
                <testcase name="test_Invalidcriti" time="16.271" classname="Scenario_state.Scenario_edit" />
                <testcase name="test_Invalidcriti_blnk" time="15.588" classname="Scenario_state.Scenario_edit" />
      
</testsuite>
