<?xml version="1.0" encoding="UTF-8"?>
<testsuite name="Test"
           tests="3"
           failures="0"
           errors="0"
           skipped="0"
           time="48.982">
  <properties />
  
  
            <testcase name="test_Invalidcriti" time="15.166" classname="Scenario_invoice.Scenario_edit" />
                <testcase name="test_Invalidcriti_blnk" time="14.527" classname="Scenario_invoice.Scenario_edit" />
                <testcase name="test_Validcriti" time="19.289" classname="Scenario_invoice.Scenario_edit" />
      
</testsuite>
