<?xml version="1.0" encoding="UTF-8"?>
<testsuite name="Test"
           tests="3"
           failures="0"
           errors="0"
           skipped="0"
           time="50.802">
  <properties />
  
  
            <testcase name="test_Invalidcriti_blnk" time="15.474" classname="Scenario_category.Scenario_edit" />
                <testcase name="test_Invalidcriti" time="15.691" classname="Scenario_category.Scenario_edit" />
                <testcase name="test_Validcriti" time="19.637" classname="Scenario_category.Scenario_edit" />
      
</testsuite>
