<?xml version="1.0" encoding="UTF-8"?>
<testsuite name="Test"
           tests="3"
           failures="0"
           errors="0"
           skipped="0"
           time="46.829">
  <properties />
  
  
            <testcase name="test_valid_frstcountry_del" time="15.322" classname="Scenario_country.Scenario_del" />
                <testcase name="test_valid_mul_del" time="16.280" classname="Scenario_country.Scenario_del" />
                <testcase name="test_Invalid_delcountry_blnk" time="15.227" classname="Scenario_country.Scenario_del" />
      
</testsuite>
