<?xml version="1.0" encoding="UTF-8"?>
<testsuite name="Test"
           tests="3"
           failures="0"
           errors="0"
           skipped="0"
           time="53.453">
  <properties />
  
  
            <testcase name="test_Invalidcriti_blnk" time="15.522" classname="Scenario_zone.Scenario_create" />
                <testcase name="test_Validcriti" time="20.469" classname="Scenario_zone.Scenario_create" />
                <testcase name="test_Invalidinvoice" time="17.462" classname="Scenario_zone.Scenario_create" />
      
</testsuite>
