<?xml version="1.0" encoding="UTF-8"?>
<testsuite name="Test"
           tests="3"
           failures="0"
           errors="0"
           skipped="0"
           time="50.847">
  <properties />
  
  
            <testcase name="test_Invalidinvoice" time="15.415" classname="Scenario_state.Scenario_create" />
                <testcase name="test_Invalidcriti_blnk" time="15.662" classname="Scenario_state.Scenario_create" />
                <testcase name="test_Validcriti" time="19.770" classname="Scenario_state.Scenario_create" />
      
</testsuite>
