<?xml version="1.0" encoding="UTF-8"?>
<testsuite name="Test"
           tests="3"
           failures="0"
           errors="0"
           skipped="0"
           time="67.459">
  <properties />
  
  
            <testcase name="test_Validcriti" time="25.056" classname="Scenario_shift.Scenario_edit" />
                <testcase name="test_Invalidcriti_blnk" time="20.536" classname="Scenario_shift.Scenario_edit" />
                <testcase name="test_Invalidcriti" time="21.867" classname="Scenario_shift.Scenario_edit" />
      
</testsuite>
