<?xml version="1.0" encoding="UTF-8"?>
<testsuite name="Test"
           tests="3"
           failures="0"
           errors="0"
           skipped="0"
           time="71.077">
  <properties />
  
  
            <testcase name="test_Invalidcurr" time="29.203" classname="Scenario_component.Scenario_curr" />
                <testcase name="test_Validcurr" time="21.887" classname="Scenario_component.Scenario_curr" />
                <testcase name="test_Invalidcurr_blnk" time="19.987" classname="Scenario_component.Scenario_curr" />
      
</testsuite>
