<?xml version="1.0" encoding="UTF-8"?>
<testsuite name="Test"
           tests="3"
           failures="0"
           errors="0"
           skipped="0"
           time="50.059">
  <properties />
  
  
            <testcase name="test_Invalidcriti_blnk" time="15.440" classname="Scenario_category.Scenario_create" />
                <testcase name="test_Validcriti" time="19.025" classname="Scenario_category.Scenario_create" />
                <testcase name="test_Invalidinvoice" time="15.594" classname="Scenario_category.Scenario_create" />
      
</testsuite>
