<?xml version="1.0" encoding="UTF-8"?>
<testsuite name="Test"
           tests="3"
           failures="0"
           errors="0"
           skipped="0"
           time="51.104">
  <properties />
  
  
            <testcase name="test_Invalid_editcurr_blnk" time="15.271" classname="Scenario_city.Scenario_del" />
                <testcase name="test_valid_mul_del" time="19.211" classname="Scenario_city.Scenario_del" />
                <testcase name="test_valid_frstcurr_del" time="16.622" classname="Scenario_city.Scenario_del" />
      
</testsuite>
