<?xml version="1.0" encoding="UTF-8"?>
<testsuite name="Test"
           tests="3"
           failures="0"
           errors="0"
           skipped="0"
           time="50.706">
  <properties />
  
  
            <testcase name="test_Invalid_delemploy_desig_blnk" time="15.677" classname="Scenario_Employ_grade.Scenario_del" />
                <testcase name="test_valid_mul_del" time="19.216" classname="Scenario_Employ_grade.Scenario_del" />
                <testcase name="test_valid_frstemploy_desig_del" time="15.813" classname="Scenario_Employ_grade.Scenario_del" />
      
</testsuite>
