<?xml version="1.0" encoding="UTF-8"?>
<testng-results skipped="0" failed="0" total="1" passed="1">
  <reporter-output>
  </reporter-output>
  <suite name="Suite" duration-ms="17383" started-at="2016-01-21T09:07:03Z" finished-at="2016-01-21T09:07:20Z">
    <groups>
      <group name="currency">
        <method signature="Scenario_curr.Invalid_curr_test_blnk(java.lang.String, java.lang.String, java.lang.String, java.lang.String)[pri:0, instance:Scenario_currency.Scenario_curr@2cb4c3ab]" name="Invalid_curr_test_blnk" class="Scenario_currency.Scenario_curr"/>
      </group> <!-- currency -->
    </groups>
    <test name="Test" duration-ms="17383" started-at="2016-01-21T09:07:03Z" finished-at="2016-01-21T09:07:20Z">
      <class name="Scenario_currency.Scenario_curr">
        <test-method status="PASS" signature="Invalid_curr_test_blnk(java.lang.String, java.lang.String, java.lang.String, java.lang.String)[pri:0, instance:Scenario_currency.Scenario_curr@2cb4c3ab]" name="Invalid_curr_test_blnk" duration-ms="16233" started-at="2016-01-21T14:37:04Z" data-provider="Invalid_curr_test_blnk" finished-at="2016-01-21T14:37:20Z">
          <params>
            <param index="0">
              <value>
                <![CDATA[RW_01]]>
              </value>
            </param>
            <param index="1">
              <value>
                <![CDATA[1.0]]>
              </value>
            </param>
            <param index="2">
              <value>
                <![CDATA[]]>
              </value>
            </param>
            <param index="3">
              <value>
                <![CDATA[Currency Name can not be empty.]]>
              </value>
            </param>
          </params>
          <reporter-output>
          </reporter-output>
        </test-method> <!-- Invalid_curr_test_blnk -->
      </class> <!-- Scenario_currency.Scenario_curr -->
    </test> <!-- Test -->
  </suite> <!-- Suite -->
</testng-results>
