<?xml version="1.0" encoding="UTF-8"?>
<testng-results skipped="0" failed="3" total="24" passed="21">
  <reporter-output>
  </reporter-output>
  <suite name="Suite" duration-ms="456800" started-at="2016-02-02T12:21:07Z" finished-at="2016-02-02T12:28:44Z">
    <groups>
      <group name="criticality">
        <method signature="Scenario_create.test_Invalidcriti_blnk(java.lang.String, java.lang.String, java.lang.String, java.lang.String, java.lang.String)[pri:0, instance:Scenario_criticality.Scenario_create@48eff760]" name="test_Invalidcriti_blnk" class="Scenario_criticality.Scenario_create"/>
        <method signature="Scenario_create.test_Invalidcurr(java.lang.String, java.lang.String, java.lang.String, java.lang.String, java.lang.String)[pri:0, instance:Scenario_criticality.Scenario_create@48eff760]" name="test_Invalidcurr" class="Scenario_criticality.Scenario_create"/>
        <method signature="Scenario_create.test_Validcriti(java.lang.String, java.lang.String, java.lang.String, java.lang.String, java.lang.String)[pri:0, instance:Scenario_criticality.Scenario_create@48eff760]" name="test_Validcriti" class="Scenario_criticality.Scenario_create"/>
        <method signature="Scenario_del.test_Invalid_editcurr_blnk(java.lang.String, java.lang.String, java.lang.String)[pri:0, instance:Scenario_criticality.Scenario_del@3c09711b]" name="test_Invalid_editcurr_blnk" class="Scenario_criticality.Scenario_del"/>
        <method signature="Scenario_del.test_valid_frstcurr_del(java.lang.String, java.lang.String, java.lang.String)[pri:0, instance:Scenario_criticality.Scenario_del@3c09711b]" name="test_valid_frstcurr_del" class="Scenario_criticality.Scenario_del"/>
        <method signature="Scenario_del.test_valid_mul_del(java.lang.String, java.lang.String, java.lang.String)[pri:0, instance:Scenario_criticality.Scenario_del@3c09711b]" name="test_valid_mul_del" class="Scenario_criticality.Scenario_del"/>
        <method signature="Scenario_edit.test_Invalidcriti(java.lang.String, java.lang.String, java.lang.String, java.lang.String, java.lang.String)[pri:0, instance:Scenario_criticality.Scenario_edit@573f2bb1]" name="test_Invalidcriti" class="Scenario_criticality.Scenario_edit"/>
        <method signature="Scenario_edit.test_Invalidcriti_blnk(java.lang.String, java.lang.String, java.lang.String, java.lang.String, java.lang.String)[pri:0, instance:Scenario_criticality.Scenario_edit@573f2bb1]" name="test_Invalidcriti_blnk" class="Scenario_criticality.Scenario_edit"/>
        <method signature="Scenario_edit.test_Validcriti(java.lang.String, java.lang.String, java.lang.String, java.lang.String, java.lang.String)[pri:0, instance:Scenario_criticality.Scenario_edit@573f2bb1]" name="test_Validcriti" class="Scenario_criticality.Scenario_edit"/>
      </group> <!-- criticality -->
      <group name="currency">
        <method signature="Scenario_curr.Invalid_curr_test_blnk(java.lang.String, java.lang.String, java.lang.String, java.lang.String)[pri:0, instance:Scenario_currency.Scenario_curr@5ae9a829]" name="Invalid_curr_test_blnk" class="Scenario_currency.Scenario_curr"/>
        <method signature="Scenario_del.test_Invalid_editcurr_blnk(java.lang.String, java.lang.String, java.lang.String)[pri:0, instance:Scenario_currency.Scenario_del@3c756e4d]" name="test_Invalid_editcurr_blnk" class="Scenario_currency.Scenario_del"/>
        <method signature="Scenario_del.test_valid_frstcurr_del(java.lang.String, java.lang.String, java.lang.String)[pri:0, instance:Scenario_currency.Scenario_del@3c756e4d]" name="test_valid_frstcurr_del" class="Scenario_currency.Scenario_del"/>
        <method signature="Scenario_del.test_valid_mul_del(java.lang.String, java.lang.String, java.lang.String)[pri:0, instance:Scenario_currency.Scenario_del@3c756e4d]" name="test_valid_mul_del" class="Scenario_currency.Scenario_del"/>
        <method signature="Scenario_edit_curr.test_Invalid_editcurr_blnk(java.lang.String, java.lang.String, java.lang.String, java.lang.String)[pri:0, instance:Scenario_currency.Scenario_edit_curr@548b7f67]" name="test_Invalid_editcurr_blnk" class="Scenario_currency.Scenario_edit_curr"/>
        <method signature="Scenario_edit_curr.test_Invalideditcurr(java.lang.String, java.lang.String, java.lang.String, java.lang.String)[pri:0, instance:Scenario_currency.Scenario_edit_curr@548b7f67]" name="test_Invalideditcurr" class="Scenario_currency.Scenario_edit_curr"/>
        <method signature="Scenario_edit_curr.test_Validedit_curr(java.lang.String, java.lang.String, java.lang.String, java.lang.String)[pri:0, instance:Scenario_currency.Scenario_edit_curr@548b7f67]" name="test_Validedit_curr" class="Scenario_currency.Scenario_edit_curr"/>
      </group> <!-- currency -->
      <group name="invoice">
        <method signature="Scenario_create.Invalid_invoice_test(java.lang.String, java.lang.String, java.lang.String, java.lang.String, java.lang.String)[pri:0, instance:Scenario_invoice.Scenario_create@6d8a00e3]" name="Invalid_invoice_test" class="Scenario_invoice.Scenario_create"/>
        <method signature="Scenario_create.Invalid_invoice_test_blnk(java.lang.String, java.lang.String, java.lang.String, java.lang.String, java.lang.String)[pri:0, instance:Scenario_invoice.Scenario_create@6d8a00e3]" name="Invalid_invoice_test_blnk" class="Scenario_invoice.Scenario_create"/>
        <method signature="Scenario_create.Valid_invoice_test(java.lang.String, java.lang.String, java.lang.String, java.lang.String, java.lang.String)[pri:0, instance:Scenario_invoice.Scenario_create@6d8a00e3]" name="Valid_invoice_test" class="Scenario_invoice.Scenario_create"/>
        <method signature="Scenario_del.Invalid_delete_blnk(java.lang.String, java.lang.String, java.lang.String)[pri:0, instance:Scenario_invoice.Scenario_del@7c0e2abd]" name="Invalid_delete_blnk" class="Scenario_invoice.Scenario_del"/>
        <method signature="Scenario_del.Valid_firstinvoice_delete(java.lang.String, java.lang.String, java.lang.String)[pri:0, instance:Scenario_invoice.Scenario_del@7c0e2abd]" name="Valid_firstinvoice_delete" class="Scenario_invoice.Scenario_del"/>
        <method signature="Scenario_del.Valid_mul_invoice_del(java.lang.String, java.lang.String, java.lang.String)[pri:0, instance:Scenario_invoice.Scenario_del@7c0e2abd]" name="Valid_mul_invoice_del" class="Scenario_invoice.Scenario_del"/>
        <method signature="Scenario_edit.Invalid_edit(java.lang.String, java.lang.String, java.lang.String, java.lang.String, java.lang.String)[pri:0, instance:Scenario_invoice.Scenario_edit@402f32ff]" name="Invalid_edit" class="Scenario_invoice.Scenario_edit"/>
        <method signature="Scenario_edit.Invalid_edit_blnk(java.lang.String, java.lang.String, java.lang.String, java.lang.String, java.lang.String)[pri:0, instance:Scenario_invoice.Scenario_edit@402f32ff]" name="Invalid_edit_blnk" class="Scenario_invoice.Scenario_edit"/>
        <method signature="Scenario_edit.Valid_edit(java.lang.String, java.lang.String, java.lang.String, java.lang.String, java.lang.String)[pri:0, instance:Scenario_invoice.Scenario_edit@402f32ff]" name="Valid_edit" class="Scenario_invoice.Scenario_edit"/>
      </group> <!-- invoice -->
    </groups>
    <test name="Test" duration-ms="456800" started-at="2016-02-02T12:21:07Z" finished-at="2016-02-02T12:28:44Z">
      <class name="Scenario_invoice.Scenario_create">
        <test-method status="PASS" signature="Invalid_invoice_test(java.lang.String, java.lang.String, java.lang.String, java.lang.String, java.lang.String)[pri:0, instance:Scenario_invoice.Scenario_create@6d8a00e3]" name="Invalid_invoice_test" duration-ms="17490" started-at="2016-02-02T17:56:48Z" data-provider="Invalid_invoice_test" finished-at="2016-02-02T17:57:05Z">
          <params>
            <param index="0">
              <value>
                <![CDATA[RW_20]]>
              </value>
            </param>
            <param index="1">
              <value>
                <![CDATA[1.0]]>
              </value>
            </param>
            <param index="2">
              <value>
                <![CDATA[Full Payment]]>
              </value>
            </param>
            <param index="3">
              <value>
                <![CDATA[Full Payment]]>
              </value>
            </param>
            <param index="4">
              <value>
                <![CDATA['Full Payment'  Invoice Type Name already exists!]]>
              </value>
            </param>
          </params>
          <reporter-output>
          </reporter-output>
        </test-method> <!-- Invalid_invoice_test -->
        <test-method status="PASS" signature="Invalid_invoice_test_blnk(java.lang.String, java.lang.String, java.lang.String, java.lang.String, java.lang.String)[pri:0, instance:Scenario_invoice.Scenario_create@6d8a00e3]" name="Invalid_invoice_test_blnk" duration-ms="14747" started-at="2016-02-02T17:57:06Z" data-provider="Invalid_invoice_test_blnk" finished-at="2016-02-02T17:57:21Z">
          <params>
            <param index="0">
              <value>
                <![CDATA[RW_19]]>
              </value>
            </param>
            <param index="1">
              <value>
                <![CDATA[1.0]]>
              </value>
            </param>
            <param index="2">
              <value>
                <![CDATA[]]>
              </value>
            </param>
            <param index="3">
              <value>
                <![CDATA[Part Payment]]>
              </value>
            </param>
            <param index="4">
              <value>
                <![CDATA[Invoice Type Name can not be empty.]]>
              </value>
            </param>
          </params>
          <reporter-output>
          </reporter-output>
        </test-method> <!-- Invalid_invoice_test_blnk -->
        <test-method status="PASS" signature="Valid_invoice_test(java.lang.String, java.lang.String, java.lang.String, java.lang.String, java.lang.String)[pri:0, instance:Scenario_invoice.Scenario_create@6d8a00e3]" name="Valid_invoice_test" duration-ms="18763" started-at="2016-02-02T17:57:21Z" data-provider="Valid_invoice_test" finished-at="2016-02-02T17:57:40Z">
          <params>
            <param index="0">
              <value>
                <![CDATA[RW_21]]>
              </value>
            </param>
            <param index="1">
              <value>
                <![CDATA[1.0]]>
              </value>
            </param>
            <param index="2">
              <value>
                <![CDATA[Part Payment]]>
              </value>
            </param>
            <param index="3">
              <value>
                <![CDATA[Part Payment]]>
              </value>
            </param>
            <param index="4">
              <value>
                <![CDATA[Part Payment]]>
              </value>
            </param>
          </params>
          <reporter-output>
          </reporter-output>
        </test-method> <!-- Valid_invoice_test -->
      </class> <!-- Scenario_invoice.Scenario_create -->
      <class name="Scenario_invoice.Scenario_del">
        <test-method status="FAIL" signature="Invalid_delete_blnk(java.lang.String, java.lang.String, java.lang.String)[pri:0, instance:Scenario_invoice.Scenario_del@7c0e2abd]" name="Invalid_delete_blnk" duration-ms="0" started-at="2016-02-02T17:58:43Z" data-provider="Invalid_delete_blnk" finished-at="2016-02-02T17:58:43Z">
          <exception class="java.lang.RuntimeException">
            <message>
              <![CDATA[java.lang.NullPointerException]]>
            </message>
            <full-stacktrace>
              <![CDATA[java.lang.RuntimeException: java.lang.NullPointerException
	at org.testng.internal.MethodInvocationHelper.invokeDataProvider(MethodInvocationHelper.java:161)
	at org.testng.internal.Parameters.handleParameters(Parameters.java:429)
	at org.testng.internal.Invoker.handleParameters(Invoker.java:1383)
	at org.testng.internal.Invoker.createParameters(Invoker.java:1075)
	at org.testng.internal.Invoker.invokeTestMethods(Invoker.java:1180)
	at org.testng.internal.TestMethodWorker.invokeTestMethods(TestMethodWorker.java:127)
	at org.testng.internal.TestMethodWorker.run(TestMethodWorker.java:111)
	at org.testng.TestRunner.privateRun(TestRunner.java:767)
	at org.testng.TestRunner.run(TestRunner.java:617)
	at org.testng.SuiteRunner.runTest(SuiteRunner.java:334)
	at org.testng.SuiteRunner.runSequentially(SuiteRunner.java:329)
	at org.testng.SuiteRunner.privateRun(SuiteRunner.java:291)
	at org.testng.SuiteRunner.run(SuiteRunner.java:240)
	at org.testng.SuiteRunnerWorker.runSuite(SuiteRunnerWorker.java:52)
	at org.testng.SuiteRunnerWorker.run(SuiteRunnerWorker.java:86)
	at org.testng.TestNG.runSuitesSequentially(TestNG.java:1224)
	at org.testng.TestNG.runSuitesLocally(TestNG.java:1149)
	at org.testng.TestNG.run(TestNG.java:1057)
	at org.testng.TestNG.privateMain(TestNG.java:1364)
	at org.testng.TestNG.main(TestNG.java:1333)
Caused by: java.lang.NullPointerException
	at Generic_component.ExcelReadWrite.Readvalue(Unknown Source)
	at Generic_component.ExcelReadWrite.Readvalue(Unknown Source)
	at Dataprovider_invoice.DataProvider_del.flagRowcount(Unknown Source)
	at Dataprovider_invoice.DataProvider_del.Invalid_delete_blnk(Unknown Source)
	at sun.reflect.NativeMethodAccessorImpl.invoke0(Native Method)
	at sun.reflect.NativeMethodAccessorImpl.invoke(NativeMethodAccessorImpl.java:62)
	at sun.reflect.DelegatingMethodAccessorImpl.invoke(DelegatingMethodAccessorImpl.java:43)
	at java.lang.reflect.Method.invoke(Method.java:497)
	at org.testng.internal.MethodInvocationHelper.invokeMethod(MethodInvocationHelper.java:84)
	at org.testng.internal.MethodInvocationHelper.invokeDataProvider(MethodInvocationHelper.java:153)
	... 19 more
]]>
            </full-stacktrace>
          </exception> <!-- java.lang.RuntimeException -->
          <reporter-output>
          </reporter-output>
        </test-method> <!-- Invalid_delete_blnk -->
        <test-method status="FAIL" signature="Valid_firstinvoice_delete(java.lang.String, java.lang.String, java.lang.String)[pri:0, instance:Scenario_invoice.Scenario_del@7c0e2abd]" name="Valid_firstinvoice_delete" duration-ms="0" started-at="2016-02-02T17:58:43Z" data-provider="Valid_firstinvoice_delete" finished-at="2016-02-02T17:58:43Z">
          <exception class="java.lang.RuntimeException">
            <message>
              <![CDATA[java.lang.NullPointerException]]>
            </message>
            <full-stacktrace>
              <![CDATA[java.lang.RuntimeException: java.lang.NullPointerException
	at org.testng.internal.MethodInvocationHelper.invokeDataProvider(MethodInvocationHelper.java:161)
	at org.testng.internal.Parameters.handleParameters(Parameters.java:429)
	at org.testng.internal.Invoker.handleParameters(Invoker.java:1383)
	at org.testng.internal.Invoker.createParameters(Invoker.java:1075)
	at org.testng.internal.Invoker.invokeTestMethods(Invoker.java:1180)
	at org.testng.internal.TestMethodWorker.invokeTestMethods(TestMethodWorker.java:127)
	at org.testng.internal.TestMethodWorker.run(TestMethodWorker.java:111)
	at org.testng.TestRunner.privateRun(TestRunner.java:767)
	at org.testng.TestRunner.run(TestRunner.java:617)
	at org.testng.SuiteRunner.runTest(SuiteRunner.java:334)
	at org.testng.SuiteRunner.runSequentially(SuiteRunner.java:329)
	at org.testng.SuiteRunner.privateRun(SuiteRunner.java:291)
	at org.testng.SuiteRunner.run(SuiteRunner.java:240)
	at org.testng.SuiteRunnerWorker.runSuite(SuiteRunnerWorker.java:52)
	at org.testng.SuiteRunnerWorker.run(SuiteRunnerWorker.java:86)
	at org.testng.TestNG.runSuitesSequentially(TestNG.java:1224)
	at org.testng.TestNG.runSuitesLocally(TestNG.java:1149)
	at org.testng.TestNG.run(TestNG.java:1057)
	at org.testng.TestNG.privateMain(TestNG.java:1364)
	at org.testng.TestNG.main(TestNG.java:1333)
Caused by: java.lang.NullPointerException
	at Generic_component.ExcelReadWrite.Readvalue(Unknown Source)
	at Generic_component.ExcelReadWrite.Readvalue(Unknown Source)
	at Dataprovider_invoice.DataProvider_del.flagRowcount(Unknown Source)
	at Dataprovider_invoice.DataProvider_del.Valid_firstinvoice_delete(Unknown Source)
	at sun.reflect.NativeMethodAccessorImpl.invoke0(Native Method)
	at sun.reflect.NativeMethodAccessorImpl.invoke(NativeMethodAccessorImpl.java:62)
	at sun.reflect.DelegatingMethodAccessorImpl.invoke(DelegatingMethodAccessorImpl.java:43)
	at java.lang.reflect.Method.invoke(Method.java:497)
	at org.testng.internal.MethodInvocationHelper.invokeMethod(MethodInvocationHelper.java:84)
	at org.testng.internal.MethodInvocationHelper.invokeDataProvider(MethodInvocationHelper.java:153)
	... 19 more
]]>
            </full-stacktrace>
          </exception> <!-- java.lang.RuntimeException -->
          <reporter-output>
          </reporter-output>
        </test-method> <!-- Valid_firstinvoice_delete -->
        <test-method status="FAIL" signature="Valid_mul_invoice_del(java.lang.String, java.lang.String, java.lang.String)[pri:0, instance:Scenario_invoice.Scenario_del@7c0e2abd]" name="Valid_mul_invoice_del" duration-ms="0" started-at="2016-02-02T17:58:44Z" data-provider="Valid_mul_invoice_del" finished-at="2016-02-02T17:58:44Z">
          <exception class="java.lang.RuntimeException">
            <message>
              <![CDATA[java.lang.NullPointerException]]>
            </message>
            <full-stacktrace>
              <![CDATA[java.lang.RuntimeException: java.lang.NullPointerException
	at org.testng.internal.MethodInvocationHelper.invokeDataProvider(MethodInvocationHelper.java:161)
	at org.testng.internal.Parameters.handleParameters(Parameters.java:429)
	at org.testng.internal.Invoker.handleParameters(Invoker.java:1383)
	at org.testng.internal.Invoker.createParameters(Invoker.java:1075)
	at org.testng.internal.Invoker.invokeTestMethods(Invoker.java:1180)
	at org.testng.internal.TestMethodWorker.invokeTestMethods(TestMethodWorker.java:127)
	at org.testng.internal.TestMethodWorker.run(TestMethodWorker.java:111)
	at org.testng.TestRunner.privateRun(TestRunner.java:767)
	at org.testng.TestRunner.run(TestRunner.java:617)
	at org.testng.SuiteRunner.runTest(SuiteRunner.java:334)
	at org.testng.SuiteRunner.runSequentially(SuiteRunner.java:329)
	at org.testng.SuiteRunner.privateRun(SuiteRunner.java:291)
	at org.testng.SuiteRunner.run(SuiteRunner.java:240)
	at org.testng.SuiteRunnerWorker.runSuite(SuiteRunnerWorker.java:52)
	at org.testng.SuiteRunnerWorker.run(SuiteRunnerWorker.java:86)
	at org.testng.TestNG.runSuitesSequentially(TestNG.java:1224)
	at org.testng.TestNG.runSuitesLocally(TestNG.java:1149)
	at org.testng.TestNG.run(TestNG.java:1057)
	at org.testng.TestNG.privateMain(TestNG.java:1364)
	at org.testng.TestNG.main(TestNG.java:1333)
Caused by: java.lang.NullPointerException
	at Generic_component.ExcelReadWrite.Readvalue(Unknown Source)
	at Generic_component.ExcelReadWrite.Readvalue(Unknown Source)
	at Dataprovider_invoice.DataProvider_del.flagRowcount(Unknown Source)
	at Dataprovider_invoice.DataProvider_del.Valid_mul_invoice_del(Unknown Source)
	at sun.reflect.NativeMethodAccessorImpl.invoke0(Native Method)
	at sun.reflect.NativeMethodAccessorImpl.invoke(NativeMethodAccessorImpl.java:62)
	at sun.reflect.DelegatingMethodAccessorImpl.invoke(DelegatingMethodAccessorImpl.java:43)
	at java.lang.reflect.Method.invoke(Method.java:497)
	at org.testng.internal.MethodInvocationHelper.invokeMethod(MethodInvocationHelper.java:84)
	at org.testng.internal.MethodInvocationHelper.invokeDataProvider(MethodInvocationHelper.java:153)
	... 19 more
]]>
            </full-stacktrace>
          </exception> <!-- java.lang.RuntimeException -->
          <reporter-output>
          </reporter-output>
        </test-method> <!-- Valid_mul_invoice_del -->
      </class> <!-- Scenario_invoice.Scenario_del -->
      <class name="Scenario_invoice.Scenario_edit">
        <test-method status="PASS" signature="Invalid_edit(java.lang.String, java.lang.String, java.lang.String, java.lang.String, java.lang.String)[pri:0, instance:Scenario_invoice.Scenario_edit@402f32ff]" name="Invalid_edit" duration-ms="15228" started-at="2016-02-02T17:57:40Z" data-provider="Invalid_edit" finished-at="2016-02-02T17:57:55Z">
          <params>
            <param index="0">
              <value>
                <![CDATA[RW_23]]>
              </value>
            </param>
            <param index="1">
              <value>
                <![CDATA[1.0]]>
              </value>
            </param>
            <param index="2">
              <value>
                <![CDATA[Full Payment]]>
              </value>
            </param>
            <param index="3">
              <value>
                <![CDATA[Full Payment]]>
              </value>
            </param>
            <param index="4">
              <value>
                <![CDATA['Full Payment'  Invoice Name already exists!]]>
              </value>
            </param>
          </params>
          <reporter-output>
          </reporter-output>
        </test-method> <!-- Invalid_edit -->
        <test-method status="PASS" signature="Invalid_edit_blnk(java.lang.String, java.lang.String, java.lang.String, java.lang.String, java.lang.String)[pri:0, instance:Scenario_invoice.Scenario_edit@402f32ff]" name="Invalid_edit_blnk" duration-ms="15300" started-at="2016-02-02T17:57:55Z" data-provider="Invalid_edit_blnk" finished-at="2016-02-02T17:58:11Z">
          <params>
            <param index="0">
              <value>
                <![CDATA[RW_22]]>
              </value>
            </param>
            <param index="1">
              <value>
                <![CDATA[1.0]]>
              </value>
            </param>
            <param index="2">
              <value>
                <![CDATA[]]>
              </value>
            </param>
            <param index="3">
              <value>
                <![CDATA[Advance Payment]]>
              </value>
            </param>
            <param index="4">
              <value>
                <![CDATA[Invoice Type Name can not be empty.]]>
              </value>
            </param>
          </params>
          <reporter-output>
          </reporter-output>
        </test-method> <!-- Invalid_edit_blnk -->
        <test-method status="PASS" signature="Valid_edit(java.lang.String, java.lang.String, java.lang.String, java.lang.String, java.lang.String)[pri:0, instance:Scenario_invoice.Scenario_edit@402f32ff]" name="Valid_edit" duration-ms="31777" started-at="2016-02-02T17:58:11Z" data-provider="Valid_edit" finished-at="2016-02-02T17:58:43Z">
          <params>
            <param index="0">
              <value>
                <![CDATA[RW_24]]>
              </value>
            </param>
            <param index="1">
              <value>
                <![CDATA[1.0]]>
              </value>
            </param>
            <param index="2">
              <value>
                <![CDATA[Advance Payment]]>
              </value>
            </param>
            <param index="3">
              <value>
                <![CDATA[Advance Payment]]>
              </value>
            </param>
            <param index="4">
              <value>
                <![CDATA[Advance Payment]]>
              </value>
            </param>
          </params>
          <reporter-output>
          </reporter-output>
        </test-method> <!-- Valid_edit -->
      </class> <!-- Scenario_invoice.Scenario_edit -->
      <class name="Scenario_criticality.Scenario_del">
        <test-method status="PASS" signature="test_Invalid_editcurr_blnk(java.lang.String, java.lang.String, java.lang.String)[pri:0, instance:Scenario_criticality.Scenario_del@3c09711b]" name="test_Invalid_editcurr_blnk" duration-ms="14485" started-at="2016-02-02T17:56:16Z" data-provider="dp_Invaliddel_blnk" finished-at="2016-02-02T17:56:31Z">
          <params>
            <param index="0">
              <value>
                <![CDATA[RW_16]]>
              </value>
            </param>
            <param index="1">
              <value>
                <![CDATA[1.0]]>
              </value>
            </param>
            <param index="2">
              <value>
                <![CDATA[Please Select Rows to delete]]>
              </value>
            </param>
          </params>
          <reporter-output>
          </reporter-output>
        </test-method> <!-- test_Invalid_editcurr_blnk -->
        <test-method status="PASS" signature="test_valid_mul_del(java.lang.String, java.lang.String, java.lang.String)[pri:0, instance:Scenario_criticality.Scenario_del@3c09711b]" name="test_valid_mul_del" duration-ms="16574" started-at="2016-02-02T17:56:31Z" data-provider="dp_Valid_mul_del" finished-at="2016-02-02T17:56:48Z">
          <params>
            <param index="0">
              <value>
                <![CDATA[RW_18]]>
              </value>
            </param>
            <param index="1">
              <value>
                <![CDATA[1.0]]>
              </value>
            </param>
            <param index="2">
              <value>
                <![CDATA[Deleted]]>
              </value>
            </param>
          </params>
          <reporter-output>
          </reporter-output>
        </test-method> <!-- test_valid_mul_del -->
      </class> <!-- Scenario_criticality.Scenario_del -->
      <class name="Scenario_currency.Scenario_curr">
        <test-method status="PASS" signature="Invalid_curr_test_blnk(java.lang.String, java.lang.String, java.lang.String, java.lang.String)[pri:0, instance:Scenario_currency.Scenario_curr@5ae9a829]" name="Invalid_curr_test_blnk" duration-ms="24096" started-at="2016-02-02T17:51:08Z" data-provider="Invalid_curr_test_blnk" finished-at="2016-02-02T17:51:32Z">
          <params>
            <param index="0">
              <value>
                <![CDATA[RW_01]]>
              </value>
            </param>
            <param index="1">
              <value>
                <![CDATA[1.0]]>
              </value>
            </param>
            <param index="2">
              <value>
                <![CDATA[]]>
              </value>
            </param>
            <param index="3">
              <value>
                <![CDATA[Currency Name can not be empty.]]>
              </value>
            </param>
          </params>
          <reporter-output>
          </reporter-output>
        </test-method> <!-- Invalid_curr_test_blnk -->
      </class> <!-- Scenario_currency.Scenario_curr -->
      <class name="Scenario_criticality.Scenario_edit">
        <test-method status="PASS" signature="test_Invalidcriti(java.lang.String, java.lang.String, java.lang.String, java.lang.String, java.lang.String)[pri:0, instance:Scenario_criticality.Scenario_edit@573f2bb1]" name="test_Invalidcriti" duration-ms="14626" started-at="2016-02-02T17:55:32Z" data-provider="dp_Invalidcriti" finished-at="2016-02-02T17:55:46Z">
          <params>
            <param index="0">
              <value>
                <![CDATA[RW_14]]>
              </value>
            </param>
            <param index="1">
              <value>
                <![CDATA[1.0]]>
              </value>
            </param>
            <param index="2">
              <value>
                <![CDATA[high]]>
              </value>
            </param>
            <param index="3">
              <value>
                <![CDATA[high criticality]]>
              </value>
            </param>
            <param index="4">
              <value>
                <![CDATA['high'  Criticality Name already exists!]]>
              </value>
            </param>
          </params>
          <reporter-output>
          </reporter-output>
        </test-method> <!-- test_Invalidcriti -->
        <test-method status="PASS" signature="test_Invalidcriti_blnk(java.lang.String, java.lang.String, java.lang.String, java.lang.String, java.lang.String)[pri:0, instance:Scenario_criticality.Scenario_edit@573f2bb1]" name="test_Invalidcriti_blnk" duration-ms="13218" started-at="2016-02-02T17:55:46Z" data-provider="dp_Invalidcriti_blnk" finished-at="2016-02-02T17:56:00Z">
          <params>
            <param index="0">
              <value>
                <![CDATA[RW_13]]>
              </value>
            </param>
            <param index="1">
              <value>
                <![CDATA[1.0]]>
              </value>
            </param>
            <param index="2">
              <value>
                <![CDATA[]]>
              </value>
            </param>
            <param index="3">
              <value>
                <![CDATA[low criticality]]>
              </value>
            </param>
            <param index="4">
              <value>
                <![CDATA[Criticality can not be empty.]]>
              </value>
            </param>
          </params>
          <reporter-output>
          </reporter-output>
        </test-method> <!-- test_Invalidcriti_blnk -->
        <test-method status="PASS" signature="test_Validcriti(java.lang.String, java.lang.String, java.lang.String, java.lang.String, java.lang.String)[pri:0, instance:Scenario_criticality.Scenario_edit@573f2bb1]" name="test_Validcriti" duration-ms="16316" started-at="2016-02-02T17:56:00Z" data-provider="dp_Validcriti" finished-at="2016-02-02T17:56:16Z">
          <params>
            <param index="0">
              <value>
                <![CDATA[RW_15]]>
              </value>
            </param>
            <param index="1">
              <value>
                <![CDATA[1.0]]>
              </value>
            </param>
            <param index="2">
              <value>
                <![CDATA[severe2]]>
              </value>
            </param>
            <param index="3">
              <value>
                <![CDATA[low criticality]]>
              </value>
            </param>
            <param index="4">
              <value>
                <![CDATA[severe2]]>
              </value>
            </param>
          </params>
          <reporter-output>
          </reporter-output>
        </test-method> <!-- test_Validcriti -->
      </class> <!-- Scenario_criticality.Scenario_edit -->
      <class name="Scenario_criticality.Scenario_create">
        <test-method status="PASS" signature="test_Invalidcriti_blnk(java.lang.String, java.lang.String, java.lang.String, java.lang.String, java.lang.String)[pri:0, instance:Scenario_criticality.Scenario_create@48eff760]" name="test_Invalidcriti_blnk" duration-ms="55690" started-at="2016-02-02T17:53:21Z" data-provider="dp_Invalidcriti_blnk" finished-at="2016-02-02T17:54:17Z">
          <params>
            <param index="0">
              <value>
                <![CDATA[RW_10]]>
              </value>
            </param>
            <param index="1">
              <value>
                <![CDATA[1.0]]>
              </value>
            </param>
            <param index="2">
              <value>
                <![CDATA[]]>
              </value>
            </param>
            <param index="3">
              <value>
                <![CDATA[low criticality]]>
              </value>
            </param>
            <param index="4">
              <value>
                <![CDATA[Criticality can not be empty.]]>
              </value>
            </param>
          </params>
          <reporter-output>
          </reporter-output>
        </test-method> <!-- test_Invalidcriti_blnk -->
        <test-method status="PASS" signature="test_Invalidcurr(java.lang.String, java.lang.String, java.lang.String, java.lang.String, java.lang.String)[pri:0, instance:Scenario_criticality.Scenario_create@48eff760]" name="test_Invalidcurr" duration-ms="54362" started-at="2016-02-02T17:54:17Z" data-provider="dp_Invalidcriti" finished-at="2016-02-02T17:55:11Z">
          <params>
            <param index="0">
              <value>
                <![CDATA[RW_11]]>
              </value>
            </param>
            <param index="1">
              <value>
                <![CDATA[1.0]]>
              </value>
            </param>
            <param index="2">
              <value>
                <![CDATA[high]]>
              </value>
            </param>
            <param index="3">
              <value>
                <![CDATA[high criticality]]>
              </value>
            </param>
            <param index="4">
              <value>
                <![CDATA['high'  Criticality Name already exists!]]>
              </value>
            </param>
          </params>
          <reporter-output>
          </reporter-output>
        </test-method> <!-- test_Invalidcurr -->
        <test-method status="PASS" signature="test_Validcriti(java.lang.String, java.lang.String, java.lang.String, java.lang.String, java.lang.String)[pri:0, instance:Scenario_criticality.Scenario_create@48eff760]" name="test_Validcriti" duration-ms="19718" started-at="2016-02-02T17:55:12Z" data-provider="dp_Validcriti" finished-at="2016-02-02T17:55:31Z">
          <params>
            <param index="0">
              <value>
                <![CDATA[RW_12]]>
              </value>
            </param>
            <param index="1">
              <value>
                <![CDATA[1.0]]>
              </value>
            </param>
            <param index="2">
              <value>
                <![CDATA[severe1]]>
              </value>
            </param>
            <param index="3">
              <value>
                <![CDATA[severe criticality]]>
              </value>
            </param>
            <param index="4">
              <value>
                <![CDATA[severe1]]>
              </value>
            </param>
          </params>
          <reporter-output>
          </reporter-output>
        </test-method> <!-- test_Validcriti -->
      </class> <!-- Scenario_criticality.Scenario_create -->
      <class name="Scenario_currency.Scenario_edit_curr">
        <test-method status="PASS" signature="test_Invalid_editcurr_blnk(java.lang.String, java.lang.String, java.lang.String, java.lang.String)[pri:0, instance:Scenario_currency.Scenario_edit_curr@548b7f67]" name="test_Invalid_editcurr_blnk" duration-ms="19449" started-at="2016-02-02T17:51:32Z" data-provider="dp_Invalidcurr_blnk" finished-at="2016-02-02T17:51:52Z">
          <params>
            <param index="0">
              <value>
                <![CDATA[RW_04]]>
              </value>
            </param>
            <param index="1">
              <value>
                <![CDATA[1.0]]>
              </value>
            </param>
            <param index="2">
              <value>
                <![CDATA[]]>
              </value>
            </param>
            <param index="3">
              <value>
                <![CDATA[Currency Name can not be empty.]]>
              </value>
            </param>
          </params>
          <reporter-output>
          </reporter-output>
        </test-method> <!-- test_Invalid_editcurr_blnk -->
        <test-method status="PASS" signature="test_Invalideditcurr(java.lang.String, java.lang.String, java.lang.String, java.lang.String)[pri:0, instance:Scenario_currency.Scenario_edit_curr@548b7f67]" name="test_Invalideditcurr" duration-ms="20611" started-at="2016-02-02T17:51:52Z" data-provider="dp_Invalidedit" finished-at="2016-02-02T17:52:12Z">
          <params>
            <param index="0">
              <value>
                <![CDATA[RW_05]]>
              </value>
            </param>
            <param index="1">
              <value>
                <![CDATA[1.0]]>
              </value>
            </param>
            <param index="2">
              <value>
                <![CDATA[pound]]>
              </value>
            </param>
            <param index="3">
              <value>
                <![CDATA['pound'  Currency Name already exists!]]>
              </value>
            </param>
          </params>
          <reporter-output>
          </reporter-output>
        </test-method> <!-- test_Invalideditcurr -->
        <test-method status="PASS" signature="test_Validedit_curr(java.lang.String, java.lang.String, java.lang.String, java.lang.String)[pri:0, instance:Scenario_currency.Scenario_edit_curr@548b7f67]" name="test_Validedit_curr" duration-ms="17726" started-at="2016-02-02T17:52:13Z" data-provider="dp_Validedit" finished-at="2016-02-02T17:52:30Z">
          <params>
            <param index="0">
              <value>
                <![CDATA[RW_06]]>
              </value>
            </param>
            <param index="1">
              <value>
                <![CDATA[1.0]]>
              </value>
            </param>
            <param index="2">
              <value>
                <![CDATA[USD4]]>
              </value>
            </param>
            <param index="3">
              <value>
                <![CDATA[USD4]]>
              </value>
            </param>
          </params>
          <reporter-output>
          </reporter-output>
        </test-method> <!-- test_Validedit_curr -->
      </class> <!-- Scenario_currency.Scenario_edit_curr -->
      <class name="Scenario_currency.Scenario_del">
        <test-method status="PASS" signature="test_Invalid_editcurr_blnk(java.lang.String, java.lang.String, java.lang.String)[pri:0, instance:Scenario_currency.Scenario_del@3c756e4d]" name="test_Invalid_editcurr_blnk" duration-ms="16568" started-at="2016-02-02T17:52:30Z" data-provider="dp_Invaliddel_blnk" finished-at="2016-02-02T17:52:47Z">
          <params>
            <param index="0">
              <value>
                <![CDATA[RW_07]]>
              </value>
            </param>
            <param index="1">
              <value>
                <![CDATA[1.0]]>
              </value>
            </param>
            <param index="2">
              <value>
                <![CDATA[Please Select Rows to Delete.]]>
              </value>
            </param>
          </params>
          <reporter-output>
          </reporter-output>
        </test-method> <!-- test_Invalid_editcurr_blnk -->
        <test-method status="PASS" signature="test_valid_frstcurr_del(java.lang.String, java.lang.String, java.lang.String)[pri:0, instance:Scenario_currency.Scenario_del@3c756e4d]" name="test_valid_frstcurr_del" duration-ms="16302" started-at="2016-02-02T17:52:47Z" data-provider="dp_validdel" finished-at="2016-02-02T17:53:03Z">
          <params>
            <param index="0">
              <value>
                <![CDATA[RW_08]]>
              </value>
            </param>
            <param index="1">
              <value>
                <![CDATA[1.0]]>
              </value>
            </param>
            <param index="2">
              <value>
                <![CDATA[Deleted]]>
              </value>
            </param>
          </params>
          <reporter-output>
          </reporter-output>
        </test-method> <!-- test_valid_frstcurr_del -->
        <test-method status="PASS" signature="test_valid_mul_del(java.lang.String, java.lang.String, java.lang.String)[pri:0, instance:Scenario_currency.Scenario_del@3c756e4d]" name="test_valid_mul_del" duration-ms="16920" started-at="2016-02-02T17:53:04Z" data-provider="dp_Valid_mul_del" finished-at="2016-02-02T17:53:21Z">
          <params>
            <param index="0">
              <value>
                <![CDATA[RW_09]]>
              </value>
            </param>
            <param index="1">
              <value>
                <![CDATA[1.0]]>
              </value>
            </param>
            <param index="2">
              <value>
                <![CDATA[Deleted]]>
              </value>
            </param>
          </params>
          <reporter-output>
          </reporter-output>
        </test-method> <!-- test_valid_mul_del -->
      </class> <!-- Scenario_currency.Scenario_del -->
    </test> <!-- Test -->
  </suite> <!-- Suite -->
</testng-results>
